[  0%] Built target std_msgs_generate_messages_cpp
[  0%] Built target actionlib_msgs_generate_messages_cpp
[  0%] Built target geometry_msgs_generate_messages_cpp
[  0%] Built target _decision_generate_messages_check_deps_Armor
[  0%] Built target _decision_generate_messages_check_deps_Armors
[  0%] Built target _decision_generate_messages_check_deps_Angles
[  0%] Built target _decision_generate_messages_check_deps_NavFeedback
[  0%] Built target _decision_generate_messages_check_deps_NavActionResult
[  0%] Built target _decision_generate_messages_check_deps_NavGoal
[  0%] Built target _decision_generate_messages_check_deps_NavActionFeedback
[  0%] Built target _decision_generate_messages_check_deps_NavResult
[  0%] Built target _decision_generate_messages_check_deps_GameStats
[  0%] Built target _decision_generate_messages_check_deps_TargetCommand
[  0%] Built target std_msgs_generate_messages_nodejs
[  0%] Built target geometry_msgs_generate_messages_eus
[  0%] Built target geometry_msgs_generate_messages_nodejs
[  0%] Built target std_msgs_generate_messages_eus
[  0%] Built target actionlib_msgs_generate_messages_nodejs
[  0%] Built target _decision_generate_messages_check_deps_Target
[  0%] Built target std_msgs_generate_messages_py
[  0%] Built target actionlib_msgs_generate_messages_eus
[  0%] Built target _decision_generate_messages_check_deps_NavAction
[  0%] Built target actionlib_msgs_generate_messages_py
[  0%] Built target geometry_msgs_generate_messages_py
[  0%] Built target std_msgs_generate_messages_lisp
[  0%] Built target actionlib_msgs_generate_messages_lisp
[  0%] Built target geometry_msgs_generate_messages_lisp
[  0%] Built target _decision_generate_messages_check_deps_NavActionGoal
[ 18%] Built target decision_generate_messages_cpp
[ 36%] Built target decision_generate_messages_nodejs
[ 76%] Built target decision_generate_messages_eus
[ 76%] Built target decision_generate_messages_py
[ 94%] Built target decision_generate_messages_lisp
[ 97%] Built target decision_node
[100%] Built target serial_test_receive_node
[100%] Built target decision_generate_messages
