Linked: (/home/sentry_train_test/AstarTraining/sim_nav/devel/.private/decision/include/decision/NavGoal.h, /home/sentry_train_test/AstarTraining/sim_nav/devel/include/decision/NavGoal.h)
Linked: (/home/sentry_train_test/AstarTraining/sim_nav/devel/.private/decision/include/decision/Armors.h, /home/sentry_train_test/AstarTraining/sim_nav/devel/include/decision/Armors.h)
Linked: (/home/sentry_train_test/AstarTraining/sim_nav/devel/.private/decision/include/decision/GameStats.h, /home/sentry_train_test/AstarTraining/sim_nav/devel/include/decision/GameStats.h)
Linked: (/home/sentry_train_test/AstarTraining/sim_nav/devel/.private/decision/include/decision/NavActionGoal.h, /home/sentry_train_test/AstarTraining/sim_nav/devel/include/decision/NavActionGoal.h)
Linked: (/home/sentry_train_test/AstarTraining/sim_nav/devel/.private/decision/include/decision/NavFeedback.h, /home/sentry_train_test/AstarTraining/sim_nav/devel/include/decision/NavFeedback.h)
Linked: (/home/sentry_train_test/AstarTraining/sim_nav/devel/.private/decision/include/decision/NavActionResult.h, /home/sentry_train_test/AstarTraining/sim_nav/devel/include/decision/NavActionResult.h)
Linked: (/home/sentry_train_test/AstarTraining/sim_nav/devel/.private/decision/include/decision/NavResult.h, /home/sentry_train_test/AstarTraining/sim_nav/devel/include/decision/NavResult.h)
Linked: (/home/sentry_train_test/AstarTraining/sim_nav/devel/.private/decision/include/decision/Armor.h, /home/sentry_train_test/AstarTraining/sim_nav/devel/include/decision/Armor.h)
Linked: (/home/sentry_train_test/AstarTraining/sim_nav/devel/.private/decision/include/decision/NavAction.h, /home/sentry_train_test/AstarTraining/sim_nav/devel/include/decision/NavAction.h)
Linked: (/home/sentry_train_test/AstarTraining/sim_nav/devel/.private/decision/include/decision/TargetCommand.h, /home/sentry_train_test/AstarTraining/sim_nav/devel/include/decision/TargetCommand.h)
Linked: (/home/sentry_train_test/AstarTraining/sim_nav/devel/.private/decision/include/decision/NavActionFeedback.h, /home/sentry_train_test/AstarTraining/sim_nav/devel/include/decision/NavActionFeedback.h)
Linked: (/home/sentry_train_test/AstarTraining/sim_nav/devel/.private/decision/include/decision/Target.h, /home/sentry_train_test/AstarTraining/sim_nav/devel/include/decision/Target.h)
Linked: (/home/sentry_train_test/AstarTraining/sim_nav/devel/.private/decision/include/decision/Angles.h, /home/sentry_train_test/AstarTraining/sim_nav/devel/include/decision/Angles.h)
Linked: (/home/sentry_train_test/AstarTraining/sim_nav/devel/.private/decision/lib/decision/decision_node, /home/sentry_train_test/AstarTraining/sim_nav/devel/lib/decision/decision_node)
Linked: (/home/sentry_train_test/AstarTraining/sim_nav/devel/.private/decision/lib/decision/serial_test_receive_node, /home/sentry_train_test/AstarTraining/sim_nav/devel/lib/decision/serial_test_receive_node)
Linked: (/home/sentry_train_test/AstarTraining/sim_nav/devel/.private/decision/lib/pkgconfig/decision.pc, /home/sentry_train_test/AstarTraining/sim_nav/devel/lib/pkgconfig/decision.pc)
Linked: (/home/sentry_train_test/AstarTraining/sim_nav/devel/.private/decision/lib/python3/dist-packages/decision/__init__.py, /home/sentry_train_test/AstarTraining/sim_nav/devel/lib/python3/dist-packages/decision/__init__.py)
Linked: (/home/sentry_train_test/AstarTraining/sim_nav/devel/.private/decision/lib/python3/dist-packages/decision/msg/_NavResult.py, /home/sentry_train_test/AstarTraining/sim_nav/devel/lib/python3/dist-packages/decision/msg/_NavResult.py)
Linked: (/home/sentry_train_test/AstarTraining/sim_nav/devel/.private/decision/lib/python3/dist-packages/decision/msg/_NavActionFeedback.py, /home/sentry_train_test/AstarTraining/sim_nav/devel/lib/python3/dist-packages/decision/msg/_NavActionFeedback.py)
Linked: (/home/sentry_train_test/AstarTraining/sim_nav/devel/.private/decision/lib/python3/dist-packages/decision/msg/_NavGoal.py, /home/sentry_train_test/AstarTraining/sim_nav/devel/lib/python3/dist-packages/decision/msg/_NavGoal.py)
Linked: (/home/sentry_train_test/AstarTraining/sim_nav/devel/.private/decision/lib/python3/dist-packages/decision/msg/_TargetCommand.py, /home/sentry_train_test/AstarTraining/sim_nav/devel/lib/python3/dist-packages/decision/msg/_TargetCommand.py)
Linked: (/home/sentry_train_test/AstarTraining/sim_nav/devel/.private/decision/lib/python3/dist-packages/decision/msg/_Armors.py, /home/sentry_train_test/AstarTraining/sim_nav/devel/lib/python3/dist-packages/decision/msg/_Armors.py)
Linked: (/home/sentry_train_test/AstarTraining/sim_nav/devel/.private/decision/lib/python3/dist-packages/decision/msg/_NavActionGoal.py, /home/sentry_train_test/AstarTraining/sim_nav/devel/lib/python3/dist-packages/decision/msg/_NavActionGoal.py)
Linked: (/home/sentry_train_test/AstarTraining/sim_nav/devel/.private/decision/lib/python3/dist-packages/decision/msg/_NavActionResult.py, /home/sentry_train_test/AstarTraining/sim_nav/devel/lib/python3/dist-packages/decision/msg/_NavActionResult.py)
Linked: (/home/sentry_train_test/AstarTraining/sim_nav/devel/.private/decision/lib/python3/dist-packages/decision/msg/_GameStats.py, /home/sentry_train_test/AstarTraining/sim_nav/devel/lib/python3/dist-packages/decision/msg/_GameStats.py)
Linked: (/home/sentry_train_test/AstarTraining/sim_nav/devel/.private/decision/lib/python3/dist-packages/decision/msg/_NavFeedback.py, /home/sentry_train_test/AstarTraining/sim_nav/devel/lib/python3/dist-packages/decision/msg/_NavFeedback.py)
Linked: (/home/sentry_train_test/AstarTraining/sim_nav/devel/.private/decision/lib/python3/dist-packages/decision/msg/__init__.py, /home/sentry_train_test/AstarTraining/sim_nav/devel/lib/python3/dist-packages/decision/msg/__init__.py)
Linked: (/home/sentry_train_test/AstarTraining/sim_nav/devel/.private/decision/lib/python3/dist-packages/decision/msg/_Target.py, /home/sentry_train_test/AstarTraining/sim_nav/devel/lib/python3/dist-packages/decision/msg/_Target.py)
Linked: (/home/sentry_train_test/AstarTraining/sim_nav/devel/.private/decision/lib/python3/dist-packages/decision/msg/_NavAction.py, /home/sentry_train_test/AstarTraining/sim_nav/devel/lib/python3/dist-packages/decision/msg/_NavAction.py)
Linked: (/home/sentry_train_test/AstarTraining/sim_nav/devel/.private/decision/lib/python3/dist-packages/decision/msg/_Armor.py, /home/sentry_train_test/AstarTraining/sim_nav/devel/lib/python3/dist-packages/decision/msg/_Armor.py)
Linked: (/home/sentry_train_test/AstarTraining/sim_nav/devel/.private/decision/lib/python3/dist-packages/decision/msg/_Angles.py, /home/sentry_train_test/AstarTraining/sim_nav/devel/lib/python3/dist-packages/decision/msg/_Angles.py)
Linked: (/home/sentry_train_test/AstarTraining/sim_nav/devel/.private/decision/share/decision/msg/NavActionFeedback.msg, /home/sentry_train_test/AstarTraining/sim_nav/devel/share/decision/msg/NavActionFeedback.msg)
Linked: (/home/sentry_train_test/AstarTraining/sim_nav/devel/.private/decision/share/decision/msg/NavResult.msg, /home/sentry_train_test/AstarTraining/sim_nav/devel/share/decision/msg/NavResult.msg)
Linked: (/home/sentry_train_test/AstarTraining/sim_nav/devel/.private/decision/share/decision/msg/NavAction.msg, /home/sentry_train_test/AstarTraining/sim_nav/devel/share/decision/msg/NavAction.msg)
Linked: (/home/sentry_train_test/AstarTraining/sim_nav/devel/.private/decision/share/decision/msg/NavActionGoal.msg, /home/sentry_train_test/AstarTraining/sim_nav/devel/share/decision/msg/NavActionGoal.msg)
Linked: (/home/sentry_train_test/AstarTraining/sim_nav/devel/.private/decision/share/decision/msg/NavGoal.msg, /home/sentry_train_test/AstarTraining/sim_nav/devel/share/decision/msg/NavGoal.msg)
Linked: (/home/sentry_train_test/AstarTraining/sim_nav/devel/.private/decision/share/decision/msg/NavFeedback.msg, /home/sentry_train_test/AstarTraining/sim_nav/devel/share/decision/msg/NavFeedback.msg)
Linked: (/home/sentry_train_test/AstarTraining/sim_nav/devel/.private/decision/share/decision/msg/NavActionResult.msg, /home/sentry_train_test/AstarTraining/sim_nav/devel/share/decision/msg/NavActionResult.msg)
Linked: (/home/sentry_train_test/AstarTraining/sim_nav/devel/.private/decision/share/decision/cmake/decision-msg-paths.cmake, /home/sentry_train_test/AstarTraining/sim_nav/devel/share/decision/cmake/decision-msg-paths.cmake)
Linked: (/home/sentry_train_test/AstarTraining/sim_nav/devel/.private/decision/share/decision/cmake/decisionConfig.cmake, /home/sentry_train_test/AstarTraining/sim_nav/devel/share/decision/cmake/decisionConfig.cmake)
Linked: (/home/sentry_train_test/AstarTraining/sim_nav/devel/.private/decision/share/decision/cmake/decision-msg-extras.cmake, /home/sentry_train_test/AstarTraining/sim_nav/devel/share/decision/cmake/decision-msg-extras.cmake)
Linked: (/home/sentry_train_test/AstarTraining/sim_nav/devel/.private/decision/share/decision/cmake/decisionConfig-version.cmake, /home/sentry_train_test/AstarTraining/sim_nav/devel/share/decision/cmake/decisionConfig-version.cmake)
Linked: (/home/sentry_train_test/AstarTraining/sim_nav/devel/.private/decision/share/common-lisp/ros/decision/msg/Armor.lisp, /home/sentry_train_test/AstarTraining/sim_nav/devel/share/common-lisp/ros/decision/msg/Armor.lisp)
Linked: (/home/sentry_train_test/AstarTraining/sim_nav/devel/.private/decision/share/common-lisp/ros/decision/msg/GameStats.lisp, /home/sentry_train_test/AstarTraining/sim_nav/devel/share/common-lisp/ros/decision/msg/GameStats.lisp)
Linked: (/home/sentry_train_test/AstarTraining/sim_nav/devel/.private/decision/share/common-lisp/ros/decision/msg/_package.lisp, /home/sentry_train_test/AstarTraining/sim_nav/devel/share/common-lisp/ros/decision/msg/_package.lisp)
Linked: (/home/sentry_train_test/AstarTraining/sim_nav/devel/.private/decision/share/common-lisp/ros/decision/msg/decision-msg.asd, /home/sentry_train_test/AstarTraining/sim_nav/devel/share/common-lisp/ros/decision/msg/decision-msg.asd)
Linked: (/home/sentry_train_test/AstarTraining/sim_nav/devel/.private/decision/share/common-lisp/ros/decision/msg/Target.lisp, /home/sentry_train_test/AstarTraining/sim_nav/devel/share/common-lisp/ros/decision/msg/Target.lisp)
Linked: (/home/sentry_train_test/AstarTraining/sim_nav/devel/.private/decision/share/common-lisp/ros/decision/msg/_package_NavResult.lisp, /home/sentry_train_test/AstarTraining/sim_nav/devel/share/common-lisp/ros/decision/msg/_package_NavResult.lisp)
Linked: (/home/sentry_train_test/AstarTraining/sim_nav/devel/.private/decision/share/common-lisp/ros/decision/msg/_package_NavFeedback.lisp, /home/sentry_train_test/AstarTraining/sim_nav/devel/share/common-lisp/ros/decision/msg/_package_NavFeedback.lisp)
Linked: (/home/sentry_train_test/AstarTraining/sim_nav/devel/.private/decision/share/common-lisp/ros/decision/msg/NavResult.lisp, /home/sentry_train_test/AstarTraining/sim_nav/devel/share/common-lisp/ros/decision/msg/NavResult.lisp)
Linked: (/home/sentry_train_test/AstarTraining/sim_nav/devel/.private/decision/share/common-lisp/ros/decision/msg/Angles.lisp, /home/sentry_train_test/AstarTraining/sim_nav/devel/share/common-lisp/ros/decision/msg/Angles.lisp)
Linked: (/home/sentry_train_test/AstarTraining/sim_nav/devel/.private/decision/share/common-lisp/ros/decision/msg/_package_Angles.lisp, /home/sentry_train_test/AstarTraining/sim_nav/devel/share/common-lisp/ros/decision/msg/_package_Angles.lisp)
Linked: (/home/sentry_train_test/AstarTraining/sim_nav/devel/.private/decision/share/common-lisp/ros/decision/msg/NavFeedback.lisp, /home/sentry_train_test/AstarTraining/sim_nav/devel/share/common-lisp/ros/decision/msg/NavFeedback.lisp)
Linked: (/home/sentry_train_test/AstarTraining/sim_nav/devel/.private/decision/share/common-lisp/ros/decision/msg/NavActionResult.lisp, /home/sentry_train_test/AstarTraining/sim_nav/devel/share/common-lisp/ros/decision/msg/NavActionResult.lisp)
Linked: (/home/sentry_train_test/AstarTraining/sim_nav/devel/.private/decision/share/common-lisp/ros/decision/msg/NavGoal.lisp, /home/sentry_train_test/AstarTraining/sim_nav/devel/share/common-lisp/ros/decision/msg/NavGoal.lisp)
Linked: (/home/sentry_train_test/AstarTraining/sim_nav/devel/.private/decision/share/common-lisp/ros/decision/msg/_package_TargetCommand.lisp, /home/sentry_train_test/AstarTraining/sim_nav/devel/share/common-lisp/ros/decision/msg/_package_TargetCommand.lisp)
Linked: (/home/sentry_train_test/AstarTraining/sim_nav/devel/.private/decision/share/common-lisp/ros/decision/msg/TargetCommand.lisp, /home/sentry_train_test/AstarTraining/sim_nav/devel/share/common-lisp/ros/decision/msg/TargetCommand.lisp)
Linked: (/home/sentry_train_test/AstarTraining/sim_nav/devel/.private/decision/share/common-lisp/ros/decision/msg/_package_NavGoal.lisp, /home/sentry_train_test/AstarTraining/sim_nav/devel/share/common-lisp/ros/decision/msg/_package_NavGoal.lisp)
Linked: (/home/sentry_train_test/AstarTraining/sim_nav/devel/.private/decision/share/common-lisp/ros/decision/msg/_package_NavActionGoal.lisp, /home/sentry_train_test/AstarTraining/sim_nav/devel/share/common-lisp/ros/decision/msg/_package_NavActionGoal.lisp)
Linked: (/home/sentry_train_test/AstarTraining/sim_nav/devel/.private/decision/share/common-lisp/ros/decision/msg/_package_NavAction.lisp, /home/sentry_train_test/AstarTraining/sim_nav/devel/share/common-lisp/ros/decision/msg/_package_NavAction.lisp)
Linked: (/home/sentry_train_test/AstarTraining/sim_nav/devel/.private/decision/share/common-lisp/ros/decision/msg/NavAction.lisp, /home/sentry_train_test/AstarTraining/sim_nav/devel/share/common-lisp/ros/decision/msg/NavAction.lisp)
Linked: (/home/sentry_train_test/AstarTraining/sim_nav/devel/.private/decision/share/common-lisp/ros/decision/msg/_package_NavActionFeedback.lisp, /home/sentry_train_test/AstarTraining/sim_nav/devel/share/common-lisp/ros/decision/msg/_package_NavActionFeedback.lisp)
Linked: (/home/sentry_train_test/AstarTraining/sim_nav/devel/.private/decision/share/common-lisp/ros/decision/msg/_package_GameStats.lisp, /home/sentry_train_test/AstarTraining/sim_nav/devel/share/common-lisp/ros/decision/msg/_package_GameStats.lisp)
Linked: (/home/sentry_train_test/AstarTraining/sim_nav/devel/.private/decision/share/common-lisp/ros/decision/msg/_package_Armor.lisp, /home/sentry_train_test/AstarTraining/sim_nav/devel/share/common-lisp/ros/decision/msg/_package_Armor.lisp)
Linked: (/home/sentry_train_test/AstarTraining/sim_nav/devel/.private/decision/share/common-lisp/ros/decision/msg/_package_Target.lisp, /home/sentry_train_test/AstarTraining/sim_nav/devel/share/common-lisp/ros/decision/msg/_package_Target.lisp)
Linked: (/home/sentry_train_test/AstarTraining/sim_nav/devel/.private/decision/share/common-lisp/ros/decision/msg/_package_NavActionResult.lisp, /home/sentry_train_test/AstarTraining/sim_nav/devel/share/common-lisp/ros/decision/msg/_package_NavActionResult.lisp)
Linked: (/home/sentry_train_test/AstarTraining/sim_nav/devel/.private/decision/share/common-lisp/ros/decision/msg/_package_Armors.lisp, /home/sentry_train_test/AstarTraining/sim_nav/devel/share/common-lisp/ros/decision/msg/_package_Armors.lisp)
Linked: (/home/sentry_train_test/AstarTraining/sim_nav/devel/.private/decision/share/common-lisp/ros/decision/msg/Armors.lisp, /home/sentry_train_test/AstarTraining/sim_nav/devel/share/common-lisp/ros/decision/msg/Armors.lisp)
Linked: (/home/sentry_train_test/AstarTraining/sim_nav/devel/.private/decision/share/common-lisp/ros/decision/msg/NavActionGoal.lisp, /home/sentry_train_test/AstarTraining/sim_nav/devel/share/common-lisp/ros/decision/msg/NavActionGoal.lisp)
Linked: (/home/sentry_train_test/AstarTraining/sim_nav/devel/.private/decision/share/common-lisp/ros/decision/msg/NavActionFeedback.lisp, /home/sentry_train_test/AstarTraining/sim_nav/devel/share/common-lisp/ros/decision/msg/NavActionFeedback.lisp)
Linked: (/home/sentry_train_test/AstarTraining/sim_nav/devel/.private/decision/share/roseus/ros/decision/manifest.l, /home/sentry_train_test/AstarTraining/sim_nav/devel/share/roseus/ros/decision/manifest.l)
Linked: (/home/sentry_train_test/AstarTraining/sim_nav/devel/.private/decision/share/roseus/ros/decision/msg/Armors.l, /home/sentry_train_test/AstarTraining/sim_nav/devel/share/roseus/ros/decision/msg/Armors.l)
Linked: (/home/sentry_train_test/AstarTraining/sim_nav/devel/.private/decision/share/roseus/ros/decision/msg/Armor.l, /home/sentry_train_test/AstarTraining/sim_nav/devel/share/roseus/ros/decision/msg/Armor.l)
Linked: (/home/sentry_train_test/AstarTraining/sim_nav/devel/.private/decision/share/roseus/ros/decision/msg/NavAction.l, /home/sentry_train_test/AstarTraining/sim_nav/devel/share/roseus/ros/decision/msg/NavAction.l)
Linked: (/home/sentry_train_test/AstarTraining/sim_nav/devel/.private/decision/share/roseus/ros/decision/msg/NavActionGoal.l, /home/sentry_train_test/AstarTraining/sim_nav/devel/share/roseus/ros/decision/msg/NavActionGoal.l)
Linked: (/home/sentry_train_test/AstarTraining/sim_nav/devel/.private/decision/share/roseus/ros/decision/msg/NavGoal.l, /home/sentry_train_test/AstarTraining/sim_nav/devel/share/roseus/ros/decision/msg/NavGoal.l)
Linked: (/home/sentry_train_test/AstarTraining/sim_nav/devel/.private/decision/share/roseus/ros/decision/msg/NavFeedback.l, /home/sentry_train_test/AstarTraining/sim_nav/devel/share/roseus/ros/decision/msg/NavFeedback.l)
Linked: (/home/sentry_train_test/AstarTraining/sim_nav/devel/.private/decision/share/roseus/ros/decision/msg/GameStats.l, /home/sentry_train_test/AstarTraining/sim_nav/devel/share/roseus/ros/decision/msg/GameStats.l)
Linked: (/home/sentry_train_test/AstarTraining/sim_nav/devel/.private/decision/share/roseus/ros/decision/msg/NavActionFeedback.l, /home/sentry_train_test/AstarTraining/sim_nav/devel/share/roseus/ros/decision/msg/NavActionFeedback.l)
Linked: (/home/sentry_train_test/AstarTraining/sim_nav/devel/.private/decision/share/roseus/ros/decision/msg/Target.l, /home/sentry_train_test/AstarTraining/sim_nav/devel/share/roseus/ros/decision/msg/Target.l)
Linked: (/home/sentry_train_test/AstarTraining/sim_nav/devel/.private/decision/share/roseus/ros/decision/msg/Angles.l, /home/sentry_train_test/AstarTraining/sim_nav/devel/share/roseus/ros/decision/msg/Angles.l)
Linked: (/home/sentry_train_test/AstarTraining/sim_nav/devel/.private/decision/share/roseus/ros/decision/msg/NavActionResult.l, /home/sentry_train_test/AstarTraining/sim_nav/devel/share/roseus/ros/decision/msg/NavActionResult.l)
Linked: (/home/sentry_train_test/AstarTraining/sim_nav/devel/.private/decision/share/roseus/ros/decision/msg/TargetCommand.l, /home/sentry_train_test/AstarTraining/sim_nav/devel/share/roseus/ros/decision/msg/TargetCommand.l)
Linked: (/home/sentry_train_test/AstarTraining/sim_nav/devel/.private/decision/share/roseus/ros/decision/msg/NavResult.l, /home/sentry_train_test/AstarTraining/sim_nav/devel/share/roseus/ros/decision/msg/NavResult.l)
Linked: (/home/sentry_train_test/AstarTraining/sim_nav/devel/.private/decision/share/gennodejs/ros/decision/_index.js, /home/sentry_train_test/AstarTraining/sim_nav/devel/share/gennodejs/ros/decision/_index.js)
Linked: (/home/sentry_train_test/AstarTraining/sim_nav/devel/.private/decision/share/gennodejs/ros/decision/msg/NavActionFeedback.js, /home/sentry_train_test/AstarTraining/sim_nav/devel/share/gennodejs/ros/decision/msg/NavActionFeedback.js)
Linked: (/home/sentry_train_test/AstarTraining/sim_nav/devel/.private/decision/share/gennodejs/ros/decision/msg/NavFeedback.js, /home/sentry_train_test/AstarTraining/sim_nav/devel/share/gennodejs/ros/decision/msg/NavFeedback.js)
Linked: (/home/sentry_train_test/AstarTraining/sim_nav/devel/.private/decision/share/gennodejs/ros/decision/msg/Angles.js, /home/sentry_train_test/AstarTraining/sim_nav/devel/share/gennodejs/ros/decision/msg/Angles.js)
Linked: (/home/sentry_train_test/AstarTraining/sim_nav/devel/.private/decision/share/gennodejs/ros/decision/msg/TargetCommand.js, /home/sentry_train_test/AstarTraining/sim_nav/devel/share/gennodejs/ros/decision/msg/TargetCommand.js)
Linked: (/home/sentry_train_test/AstarTraining/sim_nav/devel/.private/decision/share/gennodejs/ros/decision/msg/NavActionResult.js, /home/sentry_train_test/AstarTraining/sim_nav/devel/share/gennodejs/ros/decision/msg/NavActionResult.js)
Linked: (/home/sentry_train_test/AstarTraining/sim_nav/devel/.private/decision/share/gennodejs/ros/decision/msg/NavGoal.js, /home/sentry_train_test/AstarTraining/sim_nav/devel/share/gennodejs/ros/decision/msg/NavGoal.js)
Linked: (/home/sentry_train_test/AstarTraining/sim_nav/devel/.private/decision/share/gennodejs/ros/decision/msg/Target.js, /home/sentry_train_test/AstarTraining/sim_nav/devel/share/gennodejs/ros/decision/msg/Target.js)
Linked: (/home/sentry_train_test/AstarTraining/sim_nav/devel/.private/decision/share/gennodejs/ros/decision/msg/NavAction.js, /home/sentry_train_test/AstarTraining/sim_nav/devel/share/gennodejs/ros/decision/msg/NavAction.js)
Linked: (/home/sentry_train_test/AstarTraining/sim_nav/devel/.private/decision/share/gennodejs/ros/decision/msg/NavActionGoal.js, /home/sentry_train_test/AstarTraining/sim_nav/devel/share/gennodejs/ros/decision/msg/NavActionGoal.js)
Linked: (/home/sentry_train_test/AstarTraining/sim_nav/devel/.private/decision/share/gennodejs/ros/decision/msg/GameStats.js, /home/sentry_train_test/AstarTraining/sim_nav/devel/share/gennodejs/ros/decision/msg/GameStats.js)
Linked: (/home/sentry_train_test/AstarTraining/sim_nav/devel/.private/decision/share/gennodejs/ros/decision/msg/NavResult.js, /home/sentry_train_test/AstarTraining/sim_nav/devel/share/gennodejs/ros/decision/msg/NavResult.js)
Linked: (/home/sentry_train_test/AstarTraining/sim_nav/devel/.private/decision/share/gennodejs/ros/decision/msg/Armor.js, /home/sentry_train_test/AstarTraining/sim_nav/devel/share/gennodejs/ros/decision/msg/Armor.js)
Linked: (/home/sentry_train_test/AstarTraining/sim_nav/devel/.private/decision/share/gennodejs/ros/decision/msg/Armors.js, /home/sentry_train_test/AstarTraining/sim_nav/devel/share/gennodejs/ros/decision/msg/Armors.js)
Linked: (/home/sentry_train_test/AstarTraining/sim_nav/devel/.private/decision/share/gennodejs/ros/decision/msg/_index.js, /home/sentry_train_test/AstarTraining/sim_nav/devel/share/gennodejs/ros/decision/msg/_index.js)
