[  0%] Built target livox_ros_driver2_generate_messages_lisp
[  0%] Built target actionlib_msgs_generate_messages_nodejs
[  0%] Built target tf_generate_messages_py
[  0%] Built target pcl_msgs_generate_messages_eus
[  0%] Built target nodelet_topic_tools_gencfg
[  0%] Built target visualization_msgs_generate_messages_py
[  0%] Built target actionlib_msgs_generate_messages_lisp
[  0%] Built target sensor_msgs_generate_messages_cpp
[  0%] Built target actionlib_generate_messages_py
[  0%] Built target rosgraph_msgs_generate_messages_eus
[  0%] Built target std_srvs_generate_messages_py
[  0%] Built target tf_generate_messages_lisp
[  0%] Built target tf2_msgs_generate_messages_lisp
[  0%] Built target topic_tools_generate_messages_cpp
[  0%] Built target actionlib_generate_messages_nodejs
[  0%] Built target actionlib_generate_messages_eus
[  0%] Built target tf_generate_messages_cpp
[  0%] Built target rosgraph_msgs_generate_messages_cpp
[  0%] Built target roscpp_generate_messages_nodejs
[  0%] Built target geometry_msgs_generate_messages_py
[  0%] Built target std_msgs_generate_messages_py
[  0%] Built target actionlib_msgs_generate_messages_py
[  0%] Built target tf2_msgs_generate_messages_eus
[  0%] Built target sensor_msgs_generate_messages_py
[  0%] Built target geometry_msgs_generate_messages_lisp
[  0%] Built target roscpp_generate_messages_eus
[  0%] Built target _bot_sim_generate_messages_check_deps_Astar
[  0%] Built target topic_tools_generate_messages_py
[  0%] Built target roscpp_generate_messages_cpp
[  0%] Built target _bot_sim_generate_messages_check_deps_NavActionGoal
[  0%] Built target _bot_sim_generate_messages_check_deps_NavActionActionResult
[  0%] Built target _bot_sim_generate_messages_check_deps_NavActionFeedback
[  0%] Built target _bot_sim_generate_messages_check_deps_Angles
[  0%] Built target livox_ros_driver2_generate_messages_eus
[  0%] Built target _bot_sim_generate_messages_check_deps_NavActionActionGoal
[  0%] Built target tf_generate_messages_nodejs
[  0%] Built target _bot_sim_generate_messages_check_deps_RRTStar
[  0%] Built target roscpp_generate_messages_py
[  0%] Built target sensor_msgs_generate_messages_nodejs
[  0%] Built target _bot_sim_generate_messages_check_deps_NavActionResult
[  0%] Built target _bot_sim_generate_messages_check_deps_NavActionAction
[  0%] Built target _bot_sim_generate_messages_check_deps_NavActionActionFeedback
[  0%] Built target actionlib_msgs_generate_messages_eus
[  0%] Built target std_msgs_generate_messages_lisp
[  0%] Built target dynamic_reconfigure_generate_messages_py
[  0%] Built target rosgraph_msgs_generate_messages_lisp
[  0%] Built target visualization_msgs_generate_messages_cpp
[  0%] Built target tf_generate_messages_eus
[  0%] Built target std_srvs_generate_messages_cpp
[  0%] Built target actionlib_generate_messages_lisp
[  0%] Built target _bot_sim_generate_messages_check_deps_TwoPoints
[  0%] Built target actionlib_msgs_generate_messages_cpp
[  0%] Built target geometry_msgs_generate_messages_cpp
[  0%] Built target std_msgs_generate_messages_cpp
[  0%] Built target actionlib_generate_messages_cpp
[  0%] Built target dynamic_reconfigure_generate_messages_lisp
[  0%] Built target tf2_msgs_generate_messages_cpp
[  0%] Built target nodelet_generate_messages_lisp
[  0%] Built target sensor_msgs_generate_messages_eus
[  0%] Built target rosgraph_msgs_generate_messages_nodejs
[  0%] Built target std_msgs_generate_messages_nodejs
[  0%] Built target geometry_msgs_generate_messages_eus
[  0%] Built target livox_ros_driver2_generate_messages_cpp
[  0%] Built target bond_generate_messages_cpp
[  0%] Built target dynamic_reconfigure_generate_messages_nodejs
[  0%] Built target tf2_msgs_generate_messages_py
[  0%] Built target livox_ros_driver2_generate_messages_py
[  0%] Built target visualization_msgs_generate_messages_eus
[  0%] Built target dynamic_reconfigure_generate_messages_eus
[  0%] Built target visualization_msgs_generate_messages_nodejs
[  0%] Built target rosgraph_msgs_generate_messages_py
[  0%] Built target visualization_msgs_generate_messages_lisp
[  0%] Built target tf2_msgs_generate_messages_nodejs
[  0%] Built target dynamic_reconfigure_generate_messages_cpp
[  0%] Built target geometry_msgs_generate_messages_nodejs
[  0%] Built target pcl_ros_gencfg
[  0%] Built target sensor_msgs_generate_messages_lisp
[  0%] Built target nodelet_generate_messages_eus
[  0%] Built target nodelet_generate_messages_nodejs
[  0%] Built target bond_generate_messages_eus
[  0%] Built target nodelet_generate_messages_py
[  0%] Built target nodelet_generate_messages_cpp
[  0%] Built target std_srvs_generate_messages_nodejs
[  0%] Built target bond_generate_messages_lisp
[  0%] Built target bond_generate_messages_py
[  0%] Built target dynamic_reconfigure_gencfg
[  0%] Built target bond_generate_messages_nodejs
[  0%] Built target pcl_msgs_generate_messages_cpp
[  0%] Built target pcl_msgs_generate_messages_lisp
[  0%] Built target pcl_msgs_generate_messages_nodejs
[  1%] Built target bot_sim_gencfg
[  1%] Built target livox_ros_driver2_generate_messages_nodejs
[  1%] Built target pcl_msgs_generate_messages_py
[  1%] Built target std_srvs_generate_messages_eus
[  1%] Built target topic_tools_generate_messages_nodejs
[  1%] Built target std_msgs_generate_messages_eus
[  1%] Built target std_srvs_generate_messages_lisp
[  1%] Built target topic_tools_generate_messages_eus
[  2%] Built target roscpp_generate_messages_lisp
[  2%] Built target topic_tools_generate_messages_lisp
[ 14%] Built target bot_sim_generate_messages_nodejs
[ 27%] Built target bot_sim_generate_messages_lisp
[ 27%] Built target bot_sim_xacro_generated_to_devel_space_
[ 32%] Built target ser2msg
[ 32%] Built target dbscan_bfs
[ 36%] Built target lidar_filter
[ 50%] Built target bot_sim_generate_messages_py
[ 54%] Built target scan_2_node
[ 55%] Built target cmd2ser
[ 68%] Built target bot_sim_generate_messages_cpp
[ 71%] Built target test_transform
[ 73%] Built target wavefront
[ 75%] Built target threeD_lidar_filter
[ 80%] Built target dbscan_bfs_3D
[ 92%] Built target bot_sim_generate_messages_eus
[ 92%] Built target bot_sim_generate_messages
[ 97%] Built target ser2msg_write_only
[ 97%] Built target real_robot_transform
[100%] Built target threeD_lidar_test
